Determining if the pthread_create exist failed with the following output:
Change Dir: /home/jyn/cuRadiomics/curadiomics/build/CMakeFiles/CMakeTmp

Run Build Command:"/home/jyn/miniconda3/bin/make" "cmTC_bdc8b/fast"
/home/jyn/miniconda3/bin/make -f CMakeFiles/cmTC_bdc8b.dir/build.make CMakeFiles/cmTC_bdc8b.dir/build
make[1]: Entering directory '/home/jyn/cuRadiomics/curadiomics/build/CMakeFiles/CMakeTmp'
Building C object CMakeFiles/cmTC_bdc8b.dir/CheckSymbolExists.c.o
/usr/bin/cc    -fPIC    -o CMakeFiles/cmTC_bdc8b.dir/CheckSymbolExists.c.o   -c /home/jyn/cuRadiomics/curadiomics/build/CMakeFiles/CMakeTmp/CheckSymbolExists.c
Linking C executable cmTC_bdc8b
/usr/bin/cmake -E cmake_link_script CMakeFiles/cmTC_bdc8b.dir/link.txt --verbose=1
/usr/bin/cc  -fPIC     CMakeFiles/cmTC_bdc8b.dir/CheckSymbolExists.c.o  -o cmTC_bdc8b -rdynamic 
CMakeFiles/cmTC_bdc8b.dir/CheckSymbolExists.c.o: In function `main':
CheckSymbolExists.c:(.text+0x1b): undefined reference to `pthread_create'
collect2: error: ld returned 1 exit status
make[1]: *** [CMakeFiles/cmTC_bdc8b.dir/build.make:98: cmTC_bdc8b] Error 1
make[1]: Leaving directory '/home/jyn/cuRadiomics/curadiomics/build/CMakeFiles/CMakeTmp'
make: *** [Makefile:126: cmTC_bdc8b/fast] Error 2

File /home/jyn/cuRadiomics/curadiomics/build/CMakeFiles/CMakeTmp/CheckSymbolExists.c:
/* */
#include <pthread.h>

int main(int argc, char** argv)
{
  (void)argv;
#ifndef pthread_create
  return ((int*)(&pthread_create))[argc];
#else
  (void)argc;
  return 0;
#endif
}

Determining if the function pthread_create exists in the pthreads failed with the following output:
Change Dir: /home/jyn/cuRadiomics/curadiomics/build/CMakeFiles/CMakeTmp

Run Build Command:"/home/jyn/miniconda3/bin/make" "cmTC_cbce8/fast"
/home/jyn/miniconda3/bin/make -f CMakeFiles/cmTC_cbce8.dir/build.make CMakeFiles/cmTC_cbce8.dir/build
make[1]: Entering directory '/home/jyn/cuRadiomics/curadiomics/build/CMakeFiles/CMakeTmp'
Building C object CMakeFiles/cmTC_cbce8.dir/CheckFunctionExists.c.o
/usr/bin/cc    -fPIC -DCHECK_FUNCTION_EXISTS=pthread_create   -o CMakeFiles/cmTC_cbce8.dir/CheckFunctionExists.c.o   -c /usr/share/cmake-3.5/Modules/CheckFunctionExists.c
Linking C executable cmTC_cbce8
/usr/bin/cmake -E cmake_link_script CMakeFiles/cmTC_cbce8.dir/link.txt --verbose=1
/usr/bin/cc  -fPIC -DCHECK_FUNCTION_EXISTS=pthread_create    CMakeFiles/cmTC_cbce8.dir/CheckFunctionExists.c.o  -o cmTC_cbce8 -rdynamic -lpthreads 
/usr/bin/ld: cannot find -lpthreads
collect2: error: ld returned 1 exit status
make[1]: *** [CMakeFiles/cmTC_cbce8.dir/build.make:98: cmTC_cbce8] Error 1
make[1]: Leaving directory '/home/jyn/cuRadiomics/curadiomics/build/CMakeFiles/CMakeTmp'
make: *** [Makefile:126: cmTC_cbce8/fast] Error 2


